0 info it worked if it ends with ok
1 verbose cli [ '/usr/bin/nodejs', '/usr/bin/npm', 'install', 'cloudrail-si' ]
2 info using npm@1.3.10
3 info using node@v0.10.25
4 warn package.json erb@1.0.0 No repository field.
5 verbose cache add [ 'cloudrail-si', null ]
6 verbose cache add name=undefined spec="cloudrail-si" args=["cloudrail-si",null]
7 verbose parsed url { protocol: null,
7 verbose parsed url   slashes: null,
7 verbose parsed url   auth: null,
7 verbose parsed url   host: null,
7 verbose parsed url   port: null,
7 verbose parsed url   hostname: null,
7 verbose parsed url   hash: null,
7 verbose parsed url   search: null,
7 verbose parsed url   query: null,
7 verbose parsed url   pathname: 'cloudrail-si',
7 verbose parsed url   path: 'cloudrail-si',
7 verbose parsed url   href: 'cloudrail-si' }
8 silly lockFile d0f0a462-cloudrail-si cloudrail-si
9 verbose lock cloudrail-si /home/ubuntu/.npm/d0f0a462-cloudrail-si.lock
10 silly lockFile d0f0a462-cloudrail-si cloudrail-si
11 silly lockFile d0f0a462-cloudrail-si cloudrail-si
12 verbose addNamed [ 'cloudrail-si', '' ]
13 verbose addNamed [ null, '*' ]
14 silly lockFile d87edfb5-cloudrail-si cloudrail-si@
15 verbose lock cloudrail-si@ /home/ubuntu/.npm/d87edfb5-cloudrail-si.lock
16 silly addNameRange { name: 'cloudrail-si', range: '*', hasData: false }
17 verbose url raw cloudrail-si
18 verbose url resolving [ 'https://registry.npmjs.org/', './cloudrail-si' ]
19 verbose url resolved https://registry.npmjs.org/cloudrail-si
20 info trying registry request attempt 1 at 09:26:41
21 verbose etag "5940fc0c-126a8"
22 http GET https://registry.npmjs.org/cloudrail-si
23 http 304 https://registry.npmjs.org/cloudrail-si
24 silly registry.get cb [ 304,
24 silly registry.get   { date: 'Wed, 12 Jul 2017 01:26:56 GMT',
24 silly registry.get     via: '1.1 varnish',
24 silly registry.get     'cache-control': 'max-age=300',
24 silly registry.get     etag: '"5940fc0c-126a8"',
24 silly registry.get     age: '100',
24 silly registry.get     connection: 'keep-alive',
24 silly registry.get     'x-served-by': 'cache-nrt6123-NRT',
24 silly registry.get     'x-cache': 'HIT',
24 silly registry.get     'x-cache-hits': '1',
24 silly registry.get     'x-timer': 'S1499822817.991045,VS0,VE1',
24 silly registry.get     vary: 'Accept-Encoding, Accept' } ]
25 verbose etag cloudrail-si from cache
26 silly addNameRange number 2 { name: 'cloudrail-si', range: '*', hasData: true }
27 silly addNameRange versions [ 'cloudrail-si', [] ]
28 silly lockFile d87edfb5-cloudrail-si cloudrail-si@
29 silly lockFile d87edfb5-cloudrail-si cloudrail-si@
30 error Error: No compatible version found: cloudrail-si@'*'
30 error No valid targets found.
30 error Perhaps not compatible with your version of node?
30 error     at installTargetsError (/usr/share/npm/lib/cache.js:719:10)
30 error     at next (/usr/share/npm/lib/cache.js:698:17)
30 error     at /usr/share/npm/lib/cache.js:675:5
30 error     at saved (/usr/share/npm/node_modules/npm-registry-client/lib/get.js:142:7)
30 error     at /usr/lib/nodejs/graceful-fs/polyfills.js:133:7
30 error     at Object.oncomplete (fs.js:107:15)
31 error If you need help, you may report this log at:
31 error     <http://github.com/isaacs/npm/issues>
31 error or email it to:
31 error     <npm-@googlegroups.com>
32 error System Linux 3.13.0-74-generic
33 error command "/usr/bin/nodejs" "/usr/bin/npm" "install" "cloudrail-si"
34 error cwd /home/ubuntu/nodejs/records
35 error node -v v0.10.25
36 error npm -v 1.3.10
37 verbose exit [ 1, true ]
